<?xml version="1.0" encoding="UTF-8"?>
<!-- Generated by org.testng.reporters.JUnitXMLReporter -->
<testsuite ignored="0" hostname="LAPTOP-22G564AV" failures="0" tests="1" name="Test-Runner1" time="0.084" errors="0" timestamp="2023-01-15T23:04:46 IST">
  <testcase classname="com.demoblaze.genericlib.Base" name="@BeforeSuite configBS" time="-1.673804086087E9">
    <failure type="org.testng.TestNGException" message="
Parameter &amp;apos;browser&amp;apos; is required by BeforeSuite on method configBS but has not been marked @Optional or defined
in C:\Users\User\eclipse-workspace\Demoblaze\testng.xml">
      <![CDATA[org.testng.TestNGException: 
Parameter 'browser' is required by BeforeSuite on method configBS but has not been marked @Optional or defined
in C:\Users\User\eclipse-workspace\Demoblaze\testng.xml
... Removed 16 stack frames]]>
    </failure>
  </testcase> <!-- @BeforeSuite configBS -->
  <testcase classname="com.demoblaze.genericlib.Base" name="@BeforeTest configBT" time="0.0">
    <skipped/>
  </testcase> <!-- @BeforeTest configBT -->
  <testcase classname="com.demoblaze.genericlib.Base" name="@BeforeTest configBT" time="0.0">
    <skipped/>
  </testcase> <!-- @BeforeTest configBT -->
  <testcase classname="com.demoblaze.genericlib.Base" name="@AfterTest configAT" time="0.0">
    <skipped/>
  </testcase> <!-- @AfterTest configAT -->
  <testcase classname="com.demoblaze.genericlib.Base" name="@AfterTest configAT" time="0.0">
    <skipped/>
  </testcase> <!-- @AfterTest configAT -->
  <testcase classname="com.demoblaze.testscripts.Addtocart" name="addtocartTest" time="0.001">
    <skipped/>
  </testcase> <!-- addtocartTest -->
</testsuite> <!-- Test-Runner1 -->
